Determining if the pthread_create exist failed with the following output:
Change Dir: /home/vsarathy/proj/tools_sandbox/ros_packages/ros_macgyver/build/rosplan_stage_demo/CMakeFiles/CMakeTmp

Run Build Command:"/usr/bin/make" "cmTC_a0638/fast"
/usr/bin/make -f CMakeFiles/cmTC_a0638.dir/build.make CMakeFiles/cmTC_a0638.dir/build
make[1]: Entering directory '/home/vsarathy/proj/tools_sandbox/ros_packages/ros_macgyver/build/rosplan_stage_demo/CMakeFiles/CMakeTmp'
Building C object CMakeFiles/cmTC_a0638.dir/CheckSymbolExists.c.o
/usr/bin/cc     -o CMakeFiles/cmTC_a0638.dir/CheckSymbolExists.c.o   -c /home/vsarathy/proj/tools_sandbox/ros_packages/ros_macgyver/build/rosplan_stage_demo/CMakeFiles/CMakeTmp/CheckSymbolExists.c
Linking C executable cmTC_a0638
/usr/bin/cmake -E cmake_link_script CMakeFiles/cmTC_a0638.dir/link.txt --verbose=1
/usr/bin/cc       CMakeFiles/cmTC_a0638.dir/CheckSymbolExists.c.o  -o cmTC_a0638 -rdynamic 
CMakeFiles/cmTC_a0638.dir/CheckSymbolExists.c.o: In function `main':
CheckSymbolExists.c:(.text+0x16): undefined reference to `pthread_create'
collect2: error: ld returned 1 exit status
CMakeFiles/cmTC_a0638.dir/build.make:97: recipe for target 'cmTC_a0638' failed
make[1]: *** [cmTC_a0638] Error 1
make[1]: Leaving directory '/home/vsarathy/proj/tools_sandbox/ros_packages/ros_macgyver/build/rosplan_stage_demo/CMakeFiles/CMakeTmp'
Makefile:126: recipe for target 'cmTC_a0638/fast' failed
make: *** [cmTC_a0638/fast] Error 2

File /home/vsarathy/proj/tools_sandbox/ros_packages/ros_macgyver/build/rosplan_stage_demo/CMakeFiles/CMakeTmp/CheckSymbolExists.c:
/* */
#include <pthread.h>

int main(int argc, char** argv)
{
  (void)argv;
#ifndef pthread_create
  return ((int*)(&pthread_create))[argc];
#else
  (void)argc;
  return 0;
#endif
}

Determining if the function pthread_create exists in the pthreads failed with the following output:
Change Dir: /home/vsarathy/proj/tools_sandbox/ros_packages/ros_macgyver/build/rosplan_stage_demo/CMakeFiles/CMakeTmp

Run Build Command:"/usr/bin/make" "cmTC_aed92/fast"
/usr/bin/make -f CMakeFiles/cmTC_aed92.dir/build.make CMakeFiles/cmTC_aed92.dir/build
make[1]: Entering directory '/home/vsarathy/proj/tools_sandbox/ros_packages/ros_macgyver/build/rosplan_stage_demo/CMakeFiles/CMakeTmp'
Building C object CMakeFiles/cmTC_aed92.dir/CheckFunctionExists.c.o
/usr/bin/cc    -DCHECK_FUNCTION_EXISTS=pthread_create   -o CMakeFiles/cmTC_aed92.dir/CheckFunctionExists.c.o   -c /usr/share/cmake-3.5/Modules/CheckFunctionExists.c
Linking C executable cmTC_aed92
/usr/bin/cmake -E cmake_link_script CMakeFiles/cmTC_aed92.dir/link.txt --verbose=1
/usr/bin/cc   -DCHECK_FUNCTION_EXISTS=pthread_create    CMakeFiles/cmTC_aed92.dir/CheckFunctionExists.c.o  -o cmTC_aed92 -rdynamic -lpthreads 
/usr/bin/ld: cannot find -lpthreads
collect2: error: ld returned 1 exit status
CMakeFiles/cmTC_aed92.dir/build.make:97: recipe for target 'cmTC_aed92' failed
make[1]: *** [cmTC_aed92] Error 1
make[1]: Leaving directory '/home/vsarathy/proj/tools_sandbox/ros_packages/ros_macgyver/build/rosplan_stage_demo/CMakeFiles/CMakeTmp'
Makefile:126: recipe for target 'cmTC_aed92/fast' failed
make: *** [cmTC_aed92/fast] Error 2


