Determining if the pthread_create exist failed with the following output:
Change Dir: /home/vsarathy/proj/tools_sandbox/ros_packages/ros_macgyver/build/rosplan_knowledge_msgs/CMakeFiles/CMakeTmp

Run Build Command:"/usr/bin/make" "cmTC_cd1ad/fast"
/usr/bin/make -f CMakeFiles/cmTC_cd1ad.dir/build.make CMakeFiles/cmTC_cd1ad.dir/build
make[1]: Entering directory '/home/vsarathy/proj/tools_sandbox/ros_packages/ros_macgyver/build/rosplan_knowledge_msgs/CMakeFiles/CMakeTmp'
Building C object CMakeFiles/cmTC_cd1ad.dir/CheckSymbolExists.c.o
/usr/bin/cc     -o CMakeFiles/cmTC_cd1ad.dir/CheckSymbolExists.c.o   -c /home/vsarathy/proj/tools_sandbox/ros_packages/ros_macgyver/build/rosplan_knowledge_msgs/CMakeFiles/CMakeTmp/CheckSymbolExists.c
Linking C executable cmTC_cd1ad
/usr/bin/cmake -E cmake_link_script CMakeFiles/cmTC_cd1ad.dir/link.txt --verbose=1
/usr/bin/cc       CMakeFiles/cmTC_cd1ad.dir/CheckSymbolExists.c.o  -o cmTC_cd1ad -rdynamic 
CMakeFiles/cmTC_cd1ad.dir/CheckSymbolExists.c.o: In function `main':
CheckSymbolExists.c:(.text+0x16): undefined reference to `pthread_create'
collect2: error: ld returned 1 exit status
CMakeFiles/cmTC_cd1ad.dir/build.make:97: recipe for target 'cmTC_cd1ad' failed
make[1]: *** [cmTC_cd1ad] Error 1
make[1]: Leaving directory '/home/vsarathy/proj/tools_sandbox/ros_packages/ros_macgyver/build/rosplan_knowledge_msgs/CMakeFiles/CMakeTmp'
Makefile:126: recipe for target 'cmTC_cd1ad/fast' failed
make: *** [cmTC_cd1ad/fast] Error 2

File /home/vsarathy/proj/tools_sandbox/ros_packages/ros_macgyver/build/rosplan_knowledge_msgs/CMakeFiles/CMakeTmp/CheckSymbolExists.c:
/* */
#include <pthread.h>

int main(int argc, char** argv)
{
  (void)argv;
#ifndef pthread_create
  return ((int*)(&pthread_create))[argc];
#else
  (void)argc;
  return 0;
#endif
}

Determining if the function pthread_create exists in the pthreads failed with the following output:
Change Dir: /home/vsarathy/proj/tools_sandbox/ros_packages/ros_macgyver/build/rosplan_knowledge_msgs/CMakeFiles/CMakeTmp

Run Build Command:"/usr/bin/make" "cmTC_c9923/fast"
/usr/bin/make -f CMakeFiles/cmTC_c9923.dir/build.make CMakeFiles/cmTC_c9923.dir/build
make[1]: Entering directory '/home/vsarathy/proj/tools_sandbox/ros_packages/ros_macgyver/build/rosplan_knowledge_msgs/CMakeFiles/CMakeTmp'
Building C object CMakeFiles/cmTC_c9923.dir/CheckFunctionExists.c.o
/usr/bin/cc    -DCHECK_FUNCTION_EXISTS=pthread_create   -o CMakeFiles/cmTC_c9923.dir/CheckFunctionExists.c.o   -c /usr/share/cmake-3.5/Modules/CheckFunctionExists.c
Linking C executable cmTC_c9923
/usr/bin/cmake -E cmake_link_script CMakeFiles/cmTC_c9923.dir/link.txt --verbose=1
/usr/bin/cc   -DCHECK_FUNCTION_EXISTS=pthread_create    CMakeFiles/cmTC_c9923.dir/CheckFunctionExists.c.o  -o cmTC_c9923 -rdynamic -lpthreads 
/usr/bin/ld: cannot find -lpthreads
collect2: error: ld returned 1 exit status
CMakeFiles/cmTC_c9923.dir/build.make:97: recipe for target 'cmTC_c9923' failed
make[1]: *** [cmTC_c9923] Error 1
make[1]: Leaving directory '/home/vsarathy/proj/tools_sandbox/ros_packages/ros_macgyver/build/rosplan_knowledge_msgs/CMakeFiles/CMakeTmp'
Makefile:126: recipe for target 'cmTC_c9923/fast' failed
make: *** [cmTC_c9923/fast] Error 2


