Determining if the pthread_create exist failed with the following output:
Change Dir: /home/vsarathy/proj/tools_sandbox/ros_packages/ros_macgyver/build/catkin_tools_prebuild/CMakeFiles/CMakeTmp

Run Build Command:"/usr/bin/make" "cmTC_9310e/fast"
/usr/bin/make -f CMakeFiles/cmTC_9310e.dir/build.make CMakeFiles/cmTC_9310e.dir/build
make[1]: Entering directory '/home/vsarathy/proj/tools_sandbox/ros_packages/ros_macgyver/build/catkin_tools_prebuild/CMakeFiles/CMakeTmp'
Building C object CMakeFiles/cmTC_9310e.dir/CheckSymbolExists.c.o
/usr/bin/cc     -o CMakeFiles/cmTC_9310e.dir/CheckSymbolExists.c.o   -c /home/vsarathy/proj/tools_sandbox/ros_packages/ros_macgyver/build/catkin_tools_prebuild/CMakeFiles/CMakeTmp/CheckSymbolExists.c
Linking C executable cmTC_9310e
/usr/bin/cmake -E cmake_link_script CMakeFiles/cmTC_9310e.dir/link.txt --verbose=1
/usr/bin/cc       CMakeFiles/cmTC_9310e.dir/CheckSymbolExists.c.o  -o cmTC_9310e -rdynamic 
CMakeFiles/cmTC_9310e.dir/CheckSymbolExists.c.o: In function `main':
CheckSymbolExists.c:(.text+0x16): undefined reference to `pthread_create'
collect2: error: ld returned 1 exit status
CMakeFiles/cmTC_9310e.dir/build.make:97: recipe for target 'cmTC_9310e' failed
make[1]: *** [cmTC_9310e] Error 1
make[1]: Leaving directory '/home/vsarathy/proj/tools_sandbox/ros_packages/ros_macgyver/build/catkin_tools_prebuild/CMakeFiles/CMakeTmp'
Makefile:126: recipe for target 'cmTC_9310e/fast' failed
make: *** [cmTC_9310e/fast] Error 2

File /home/vsarathy/proj/tools_sandbox/ros_packages/ros_macgyver/build/catkin_tools_prebuild/CMakeFiles/CMakeTmp/CheckSymbolExists.c:
/* */
#include <pthread.h>

int main(int argc, char** argv)
{
  (void)argv;
#ifndef pthread_create
  return ((int*)(&pthread_create))[argc];
#else
  (void)argc;
  return 0;
#endif
}

Determining if the function pthread_create exists in the pthreads failed with the following output:
Change Dir: /home/vsarathy/proj/tools_sandbox/ros_packages/ros_macgyver/build/catkin_tools_prebuild/CMakeFiles/CMakeTmp

Run Build Command:"/usr/bin/make" "cmTC_24e0b/fast"
/usr/bin/make -f CMakeFiles/cmTC_24e0b.dir/build.make CMakeFiles/cmTC_24e0b.dir/build
make[1]: Entering directory '/home/vsarathy/proj/tools_sandbox/ros_packages/ros_macgyver/build/catkin_tools_prebuild/CMakeFiles/CMakeTmp'
Building C object CMakeFiles/cmTC_24e0b.dir/CheckFunctionExists.c.o
/usr/bin/cc    -DCHECK_FUNCTION_EXISTS=pthread_create   -o CMakeFiles/cmTC_24e0b.dir/CheckFunctionExists.c.o   -c /usr/share/cmake-3.5/Modules/CheckFunctionExists.c
Linking C executable cmTC_24e0b
/usr/bin/cmake -E cmake_link_script CMakeFiles/cmTC_24e0b.dir/link.txt --verbose=1
/usr/bin/cc   -DCHECK_FUNCTION_EXISTS=pthread_create    CMakeFiles/cmTC_24e0b.dir/CheckFunctionExists.c.o  -o cmTC_24e0b -rdynamic -lpthreads 
/usr/bin/ld: cannot find -lpthreads
collect2: error: ld returned 1 exit status
CMakeFiles/cmTC_24e0b.dir/build.make:97: recipe for target 'cmTC_24e0b' failed
make[1]: *** [cmTC_24e0b] Error 1
make[1]: Leaving directory '/home/vsarathy/proj/tools_sandbox/ros_packages/ros_macgyver/build/catkin_tools_prebuild/CMakeFiles/CMakeTmp'
Makefile:126: recipe for target 'cmTC_24e0b/fast' failed
make: *** [cmTC_24e0b/fast] Error 2


